Compiling the C compiler identification source file "CMakeCCompilerId.c" failed.
Compiler: /usr/bin/arm-none-eabi-gcc 
Build flags: 
Id flags:  

The output was:
1
/usr/lib/gcc/arm-none-eabi/9.2.1/../../../arm-none-eabi/bin/ld: /usr/lib/gcc/arm-none-eabi/9.2.1/../../../arm-none-eabi/lib/libc.a(lib_a-exit.o): in function `exit':
/build/newlib-CVVEyx/newlib-3.3.0/build/arm-none-eabi/newlib/libc/stdlib/../../../../../newlib/libc/stdlib/exit.c:64: undefined reference to `_exit'
collect2: error: ld returned 1 exit status


Compiling the CXX compiler identification source file "CMakeCXXCompilerId.cpp" failed.
Compiler: /usr/bin/arm-none-eabi-g++ 
Build flags: 
Id flags:  

The output was:
1
/usr/lib/gcc/arm-none-eabi/9.2.1/../../../arm-none-eabi/bin/ld: /usr/lib/gcc/arm-none-eabi/9.2.1/../../../arm-none-eabi/lib/libc.a(lib_a-exit.o): in function `exit':
/build/newlib-CVVEyx/newlib-3.3.0/build/arm-none-eabi/newlib/libc/stdlib/../../../../../newlib/libc/stdlib/exit.c:64: undefined reference to `_exit'
collect2: error: ld returned 1 exit status


Determining if the C compiler works failed with the following output:
Change Dir: /home/foronz/NXP-MCUXpresso/build/CMakeFiles/CMakeTmp

Run Build Command(s):/usr/bin/make cmTC_93e89/fast && /usr/bin/make -f CMakeFiles/cmTC_93e89.dir/build.make CMakeFiles/cmTC_93e89.dir/build
make[1]: Entering directory '/home/foronz/NXP-MCUXpresso/build/CMakeFiles/CMakeTmp'
Building C object CMakeFiles/cmTC_93e89.dir/testCCompiler.c.obj
/usr/bin/arm-none-eabi-gcc    -o CMakeFiles/cmTC_93e89.dir/testCCompiler.c.obj   -c /home/foronz/NXP-MCUXpresso/build/CMakeFiles/CMakeTmp/testCCompiler.c
Linking C executable cmTC_93e89
/usr/bin/cmake -E cmake_link_script CMakeFiles/cmTC_93e89.dir/link.txt --verbose=1
/usr/bin/arm-none-eabi-gcc      CMakeFiles/cmTC_93e89.dir/testCCompiler.c.obj  -o cmTC_93e89 
/usr/lib/gcc/arm-none-eabi/9.2.1/../../../arm-none-eabi/bin/ld: /usr/lib/gcc/arm-none-eabi/9.2.1/../../../arm-none-eabi/lib/libc.a(lib_a-exit.o): in function `exit':
/build/newlib-CVVEyx/newlib-3.3.0/build/arm-none-eabi/newlib/libc/stdlib/../../../../../newlib/libc/stdlib/exit.c:64: undefined reference to `_exit'
collect2: error: ld returned 1 exit status
make[1]: *** [CMakeFiles/cmTC_93e89.dir/build.make:87: cmTC_93e89] Error 1
make[1]: Leaving directory '/home/foronz/NXP-MCUXpresso/build/CMakeFiles/CMakeTmp'
make: *** [Makefile:121: cmTC_93e89/fast] Error 2



Compiling the C compiler identification source file "CMakeCCompilerId.c" failed.
Compiler: /usr/bin/arm-none-eabi-gcc 
Build flags: 
Id flags:  

The output was:
1
/usr/lib/gcc/arm-none-eabi/9.2.1/../../../arm-none-eabi/bin/ld: /usr/lib/gcc/arm-none-eabi/9.2.1/../../../arm-none-eabi/lib/libc.a(lib_a-exit.o): in function `exit':
/build/newlib-CVVEyx/newlib-3.3.0/build/arm-none-eabi/newlib/libc/stdlib/../../../../../newlib/libc/stdlib/exit.c:64: undefined reference to `_exit'
collect2: error: ld returned 1 exit status


Compiling the CXX compiler identification source file "CMakeCXXCompilerId.cpp" failed.
Compiler: /usr/bin/arm-none-eabi-g++ 
Build flags: 
Id flags:  

The output was:
1
/usr/lib/gcc/arm-none-eabi/9.2.1/../../../arm-none-eabi/bin/ld: /usr/lib/gcc/arm-none-eabi/9.2.1/../../../arm-none-eabi/lib/libc.a(lib_a-exit.o): in function `exit':
/build/newlib-CVVEyx/newlib-3.3.0/build/arm-none-eabi/newlib/libc/stdlib/../../../../../newlib/libc/stdlib/exit.c:64: undefined reference to `_exit'
collect2: error: ld returned 1 exit status


Determining if the C compiler works failed with the following output:
Change Dir: /home/foronz/NXP-MCUXpresso/build/CMakeFiles/CMakeTmp

Run Build Command(s):/usr/bin/make cmTC_a973b/fast && /usr/bin/make -f CMakeFiles/cmTC_a973b.dir/build.make CMakeFiles/cmTC_a973b.dir/build
make[1]: Entering directory '/home/foronz/NXP-MCUXpresso/build/CMakeFiles/CMakeTmp'
Building C object CMakeFiles/cmTC_a973b.dir/testCCompiler.c.obj
/usr/bin/arm-none-eabi-gcc    -o CMakeFiles/cmTC_a973b.dir/testCCompiler.c.obj   -c /home/foronz/NXP-MCUXpresso/build/CMakeFiles/CMakeTmp/testCCompiler.c
Linking C executable cmTC_a973b
/usr/bin/cmake -E cmake_link_script CMakeFiles/cmTC_a973b.dir/link.txt --verbose=1
/usr/bin/arm-none-eabi-gcc      CMakeFiles/cmTC_a973b.dir/testCCompiler.c.obj  -o cmTC_a973b 
/usr/lib/gcc/arm-none-eabi/9.2.1/../../../arm-none-eabi/bin/ld: /usr/lib/gcc/arm-none-eabi/9.2.1/../../../arm-none-eabi/lib/libc.a(lib_a-exit.o): in function `exit':
/build/newlib-CVVEyx/newlib-3.3.0/build/arm-none-eabi/newlib/libc/stdlib/../../../../../newlib/libc/stdlib/exit.c:64: undefined reference to `_exit'
collect2: error: ld returned 1 exit status
make[1]: *** [CMakeFiles/cmTC_a973b.dir/build.make:87: cmTC_a973b] Error 1
make[1]: Leaving directory '/home/foronz/NXP-MCUXpresso/build/CMakeFiles/CMakeTmp'
make: *** [Makefile:121: cmTC_a973b/fast] Error 2



Compiling the C compiler identification source file "CMakeCCompilerId.c" failed.
Compiler: /usr/bin/arm-none-eabi-gcc 
Build flags: 
Id flags:  

The output was:
1
/usr/lib/gcc/arm-none-eabi/9.2.1/../../../arm-none-eabi/bin/ld: /usr/lib/gcc/arm-none-eabi/9.2.1/../../../arm-none-eabi/lib/libc.a(lib_a-exit.o): in function `exit':
/build/newlib-CVVEyx/newlib-3.3.0/build/arm-none-eabi/newlib/libc/stdlib/../../../../../newlib/libc/stdlib/exit.c:64: undefined reference to `_exit'
collect2: error: ld returned 1 exit status


Compiling the CXX compiler identification source file "CMakeCXXCompilerId.cpp" failed.
Compiler: /usr/bin/arm-none-eabi-g++ 
Build flags: 
Id flags:  

The output was:
1
/usr/lib/gcc/arm-none-eabi/9.2.1/../../../arm-none-eabi/bin/ld: /usr/lib/gcc/arm-none-eabi/9.2.1/../../../arm-none-eabi/lib/libc.a(lib_a-exit.o): in function `exit':
/build/newlib-CVVEyx/newlib-3.3.0/build/arm-none-eabi/newlib/libc/stdlib/../../../../../newlib/libc/stdlib/exit.c:64: undefined reference to `_exit'
collect2: error: ld returned 1 exit status


Determining if the C compiler works failed with the following output:
Change Dir: /home/foronz/NXP-MCUXpresso/build/CMakeFiles/CMakeTmp

Run Build Command(s):/usr/bin/make cmTC_bc3d2/fast && /usr/bin/make -f CMakeFiles/cmTC_bc3d2.dir/build.make CMakeFiles/cmTC_bc3d2.dir/build
make[1]: Entering directory '/home/foronz/NXP-MCUXpresso/build/CMakeFiles/CMakeTmp'
Building C object CMakeFiles/cmTC_bc3d2.dir/testCCompiler.c.obj
/usr/bin/arm-none-eabi-gcc    -o CMakeFiles/cmTC_bc3d2.dir/testCCompiler.c.obj   -c /home/foronz/NXP-MCUXpresso/build/CMakeFiles/CMakeTmp/testCCompiler.c
Linking C executable cmTC_bc3d2
/usr/bin/cmake -E cmake_link_script CMakeFiles/cmTC_bc3d2.dir/link.txt --verbose=1
/usr/bin/arm-none-eabi-gcc      CMakeFiles/cmTC_bc3d2.dir/testCCompiler.c.obj  -o cmTC_bc3d2 
/usr/lib/gcc/arm-none-eabi/9.2.1/../../../arm-none-eabi/bin/ld: /usr/lib/gcc/arm-none-eabi/9.2.1/../../../arm-none-eabi/lib/libc.a(lib_a-exit.o): in function `exit':
/build/newlib-CVVEyx/newlib-3.3.0/build/arm-none-eabi/newlib/libc/stdlib/../../../../../newlib/libc/stdlib/exit.c:64: undefined reference to `_exit'
collect2: error: ld returned 1 exit status
make[1]: *** [CMakeFiles/cmTC_bc3d2.dir/build.make:87: cmTC_bc3d2] Error 1
make[1]: Leaving directory '/home/foronz/NXP-MCUXpresso/build/CMakeFiles/CMakeTmp'
make: *** [Makefile:121: cmTC_bc3d2/fast] Error 2



Compiling the C compiler identification source file "CMakeCCompilerId.c" failed.
Compiler: /usr/bin/arm-none-eabi-gcc 
Build flags: 
Id flags:  

The output was:
1
/usr/lib/gcc/arm-none-eabi/9.2.1/../../../arm-none-eabi/bin/ld: /usr/lib/gcc/arm-none-eabi/9.2.1/../../../arm-none-eabi/lib/libc.a(lib_a-exit.o): in function `exit':
/build/newlib-CVVEyx/newlib-3.3.0/build/arm-none-eabi/newlib/libc/stdlib/../../../../../newlib/libc/stdlib/exit.c:64: undefined reference to `_exit'
collect2: error: ld returned 1 exit status


Compiling the CXX compiler identification source file "CMakeCXXCompilerId.cpp" failed.
Compiler: /usr/bin/arm-none-eabi-g++ 
Build flags: 
Id flags:  

The output was:
1
/usr/lib/gcc/arm-none-eabi/9.2.1/../../../arm-none-eabi/bin/ld: /usr/lib/gcc/arm-none-eabi/9.2.1/../../../arm-none-eabi/lib/libc.a(lib_a-exit.o): in function `exit':
/build/newlib-CVVEyx/newlib-3.3.0/build/arm-none-eabi/newlib/libc/stdlib/../../../../../newlib/libc/stdlib/exit.c:64: undefined reference to `_exit'
collect2: error: ld returned 1 exit status


Determining if the C compiler works failed with the following output:
Change Dir: /home/foronz/NXP-MCUXpresso/build/CMakeFiles/CMakeTmp

Run Build Command(s):/usr/bin/make cmTC_2ab4d/fast && /usr/bin/make -f CMakeFiles/cmTC_2ab4d.dir/build.make CMakeFiles/cmTC_2ab4d.dir/build
make[1]: Entering directory '/home/foronz/NXP-MCUXpresso/build/CMakeFiles/CMakeTmp'
Building C object CMakeFiles/cmTC_2ab4d.dir/testCCompiler.c.obj
/usr/bin/arm-none-eabi-gcc    -o CMakeFiles/cmTC_2ab4d.dir/testCCompiler.c.obj   -c /home/foronz/NXP-MCUXpresso/build/CMakeFiles/CMakeTmp/testCCompiler.c
Linking C executable cmTC_2ab4d
/usr/bin/cmake -E cmake_link_script CMakeFiles/cmTC_2ab4d.dir/link.txt --verbose=1
/usr/bin/arm-none-eabi-gcc      CMakeFiles/cmTC_2ab4d.dir/testCCompiler.c.obj  -o cmTC_2ab4d 
/usr/lib/gcc/arm-none-eabi/9.2.1/../../../arm-none-eabi/bin/ld: /usr/lib/gcc/arm-none-eabi/9.2.1/../../../arm-none-eabi/lib/libc.a(lib_a-exit.o): in function `exit':
/build/newlib-CVVEyx/newlib-3.3.0/build/arm-none-eabi/newlib/libc/stdlib/../../../../../newlib/libc/stdlib/exit.c:64: undefined reference to `_exit'
collect2: error: ld returned 1 exit status
make[1]: *** [CMakeFiles/cmTC_2ab4d.dir/build.make:87: cmTC_2ab4d] Error 1
make[1]: Leaving directory '/home/foronz/NXP-MCUXpresso/build/CMakeFiles/CMakeTmp'
make: *** [Makefile:121: cmTC_2ab4d/fast] Error 2



Compiling the C compiler identification source file "CMakeCCompilerId.c" failed.
Compiler: /usr/bin/arm-none-eabi-gcc 
Build flags: 
Id flags:  

The output was:
1
/usr/lib/gcc/arm-none-eabi/9.2.1/../../../arm-none-eabi/bin/ld: /usr/lib/gcc/arm-none-eabi/9.2.1/../../../arm-none-eabi/lib/libc.a(lib_a-exit.o): in function `exit':
/build/newlib-CVVEyx/newlib-3.3.0/build/arm-none-eabi/newlib/libc/stdlib/../../../../../newlib/libc/stdlib/exit.c:64: undefined reference to `_exit'
collect2: error: ld returned 1 exit status


Compiling the CXX compiler identification source file "CMakeCXXCompilerId.cpp" failed.
Compiler: /usr/bin/arm-none-eabi-g++ 
Build flags: 
Id flags:  

The output was:
1
/usr/lib/gcc/arm-none-eabi/9.2.1/../../../arm-none-eabi/bin/ld: /usr/lib/gcc/arm-none-eabi/9.2.1/../../../arm-none-eabi/lib/libc.a(lib_a-exit.o): in function `exit':
/build/newlib-CVVEyx/newlib-3.3.0/build/arm-none-eabi/newlib/libc/stdlib/../../../../../newlib/libc/stdlib/exit.c:64: undefined reference to `_exit'
collect2: error: ld returned 1 exit status


Determining if the C compiler works failed with the following output:
Change Dir: /home/foronz/NXP-MCUXpresso/build/CMakeFiles/CMakeTmp

Run Build Command(s):/usr/bin/make cmTC_c0d6c/fast && /usr/bin/make -f CMakeFiles/cmTC_c0d6c.dir/build.make CMakeFiles/cmTC_c0d6c.dir/build
make[1]: Entering directory '/home/foronz/NXP-MCUXpresso/build/CMakeFiles/CMakeTmp'
Building C object CMakeFiles/cmTC_c0d6c.dir/testCCompiler.c.obj
/usr/bin/arm-none-eabi-gcc    -o CMakeFiles/cmTC_c0d6c.dir/testCCompiler.c.obj   -c /home/foronz/NXP-MCUXpresso/build/CMakeFiles/CMakeTmp/testCCompiler.c
Linking C executable cmTC_c0d6c
/usr/bin/cmake -E cmake_link_script CMakeFiles/cmTC_c0d6c.dir/link.txt --verbose=1
/usr/bin/arm-none-eabi-gcc      CMakeFiles/cmTC_c0d6c.dir/testCCompiler.c.obj  -o cmTC_c0d6c 
/usr/lib/gcc/arm-none-eabi/9.2.1/../../../arm-none-eabi/bin/ld: /usr/lib/gcc/arm-none-eabi/9.2.1/../../../arm-none-eabi/lib/libc.a(lib_a-exit.o): in function `exit':
/build/newlib-CVVEyx/newlib-3.3.0/build/arm-none-eabi/newlib/libc/stdlib/../../../../../newlib/libc/stdlib/exit.c:64: undefined reference to `_exit'
collect2: error: ld returned 1 exit status
make[1]: *** [CMakeFiles/cmTC_c0d6c.dir/build.make:87: cmTC_c0d6c] Error 1
make[1]: Leaving directory '/home/foronz/NXP-MCUXpresso/build/CMakeFiles/CMakeTmp'
make: *** [Makefile:121: cmTC_c0d6c/fast] Error 2



Compiling the C compiler identification source file "CMakeCCompilerId.c" failed.
Compiler: /usr/bin/arm-none-eabi-gcc 
Build flags: 
Id flags:  

The output was:
1
/usr/lib/gcc/arm-none-eabi/9.2.1/../../../arm-none-eabi/bin/ld: /usr/lib/gcc/arm-none-eabi/9.2.1/../../../arm-none-eabi/lib/libc.a(lib_a-exit.o): in function `exit':
/build/newlib-CVVEyx/newlib-3.3.0/build/arm-none-eabi/newlib/libc/stdlib/../../../../../newlib/libc/stdlib/exit.c:64: undefined reference to `_exit'
collect2: error: ld returned 1 exit status


Compiling the CXX compiler identification source file "CMakeCXXCompilerId.cpp" failed.
Compiler: /usr/bin/arm-none-eabi-g++ 
Build flags: 
Id flags:  

The output was:
1
/usr/lib/gcc/arm-none-eabi/9.2.1/../../../arm-none-eabi/bin/ld: /usr/lib/gcc/arm-none-eabi/9.2.1/../../../arm-none-eabi/lib/libc.a(lib_a-exit.o): in function `exit':
/build/newlib-CVVEyx/newlib-3.3.0/build/arm-none-eabi/newlib/libc/stdlib/../../../../../newlib/libc/stdlib/exit.c:64: undefined reference to `_exit'
collect2: error: ld returned 1 exit status


Determining if the C compiler works failed with the following output:
Change Dir: /home/foronz/NXP-MCUXpresso/build/CMakeFiles/CMakeTmp

Run Build Command(s):/usr/bin/make cmTC_c34de/fast && /usr/bin/make -f CMakeFiles/cmTC_c34de.dir/build.make CMakeFiles/cmTC_c34de.dir/build
make[1]: Entering directory '/home/foronz/NXP-MCUXpresso/build/CMakeFiles/CMakeTmp'
Building C object CMakeFiles/cmTC_c34de.dir/testCCompiler.c.obj
/usr/bin/arm-none-eabi-gcc    -o CMakeFiles/cmTC_c34de.dir/testCCompiler.c.obj   -c /home/foronz/NXP-MCUXpresso/build/CMakeFiles/CMakeTmp/testCCompiler.c
Linking C executable cmTC_c34de
/usr/bin/cmake -E cmake_link_script CMakeFiles/cmTC_c34de.dir/link.txt --verbose=1
/usr/bin/arm-none-eabi-gcc      CMakeFiles/cmTC_c34de.dir/testCCompiler.c.obj  -o cmTC_c34de 
/usr/lib/gcc/arm-none-eabi/9.2.1/../../../arm-none-eabi/bin/ld: /usr/lib/gcc/arm-none-eabi/9.2.1/../../../arm-none-eabi/lib/libc.a(lib_a-exit.o): in function `exit':
/build/newlib-CVVEyx/newlib-3.3.0/build/arm-none-eabi/newlib/libc/stdlib/../../../../../newlib/libc/stdlib/exit.c:64: undefined reference to `_exit'
collect2: error: ld returned 1 exit status
make[1]: *** [CMakeFiles/cmTC_c34de.dir/build.make:87: cmTC_c34de] Error 1
make[1]: Leaving directory '/home/foronz/NXP-MCUXpresso/build/CMakeFiles/CMakeTmp'
make: *** [Makefile:121: cmTC_c34de/fast] Error 2



